-------------------------------------------------------------------------------
Test set: SampleTest
-------------------------------------------------------------------------------
Tests run: 4, Failures: 1, Errors: 0, Skipped: 0, Time elapsed: 0.772 s <<< FAILURE! - in SampleTest
testDeleteRequest  Time elapsed: 0.093 s  <<< FAILURE!
java.lang.AssertionError: 
1 expectation failed.
Expected status code <200> but was <404>.

	at SampleTest.testDeleteRequest(SampleTest.java:82)

