<?xml version="1.0" encoding="UTF-8"?>
<testsuite xmlns:xsi="http://www.w3.org/2001/XMLSchema-instance" xsi:noNamespaceSchemaLocation="https://maven.apache.org/surefire/maven-surefire-plugin/xsd/surefire-test-report.xsd" name="SampleTest" time="0.772" tests="4" errors="0" skipped="0" failures="1">
  <properties>
[...]
</properties>
  <testcase name="testDeleteRequest" classname="SampleTest" time="0.093">
    <failure message="1 expectation failed.&#10;Expected status code &lt;200&gt; but was &lt;404&gt;.&#10;" type="java.lang.AssertionError"><![CDATA[java.lang.AssertionError: 
1 expectation failed.
Expected status code <200> but was <404>.

	at SampleTest.testDeleteRequest(SampleTest.java:82)
]]></failure>
    <system-out><![CDATA[21:54:58.278 [main] DEBUG org.springframework.test.annotation.ProfileValueUtils - Retrieved @ProfileValueSourceConfiguration [null] for test class [SampleTest]
21:54:58.278 [main] DEBUG org.springframework.test.annotation.ProfileValueUtils - Retrieved ProfileValueSource type [class org.springframework.test.annotation.SystemProfileValueSource] for class [SampleTest]
21:54:58.278 [main] DEBUG org.springframework.test.annotation.ProfileValueUtils - Retrieved @ProfileValueSourceConfiguration [null] for test class [SampleTest]
21:54:58.278 [main] DEBUG org.springframework.test.annotation.ProfileValueUtils - Retrieved ProfileValueSource type [class org.springframework.test.annotation.SystemProfileValueSource] for class [SampleTest]
21:54:58.278 [main] DEBUG org.springframework.test.annotation.ProfileValueUtils - Retrieved @ProfileValueSourceConfiguration [null] for test class [SampleTest]
21:54:58.278 [main] DEBUG org.springframework.test.annotation.ProfileValueUtils - Retrieved ProfileValueSource type [class org.springframework.test.annotation.SystemProfileValueSource] for class [SampleTest]
21:54:58.278 [main] DEBUG org.springframework.test.context.support.AbstractDirtiesContextTestExecutionListener - Before test class: context [DefaultTestContext@2ab5afc7 testClass = SampleTest, testInstance = [null], testMethod = [null], testException = [null], mergedContextConfiguration = [MergedContextConfiguration@4dc8c0ea testClass = SampleTest, locations = '{}', classes = '{class base.ApplicationConfiguration}', contextInitializerClasses = '[]', activeProfiles = '{}', propertySourceLocations = '{classpath:config.properties}', propertySourceProperties = '{}', contextCustomizers = set[org.springframework.boot.test.context.filter.ExcludeFilterContextCustomizer@7fc229ab, org.springframework.boot.test.json.DuplicateJsonObjectContextCustomizerFactory$DuplicateJsonObjectContextCustomizer@1198b989, org.springframework.boot.test.mock.mockito.MockitoContextCustomizer@0, org.springframework.boot.test.autoconfigure.properties.PropertyMappingContextCustomizer@0, org.springframework.boot.test.autoconfigure.web.servlet.WebDriverContextCustomizerFactory$Customizer@4c1d9d4b], contextLoader = 'org.springframework.test.context.support.DelegatingSmartContextLoader', parent = [null]], attributes = map[[empty]]], class annotated with @DirtiesContext [false] with mode [null].
21:54:58.278 [main] DEBUG org.springframework.test.annotation.ProfileValueUtils - Retrieved @ProfileValueSourceConfiguration [null] for test class [SampleTest]
21:54:58.278 [main] DEBUG org.springframework.test.annotation.ProfileValueUtils - Retrieved ProfileValueSource type [class org.springframework.test.annotation.SystemProfileValueSource] for class [SampleTest]
21:54:58.394 [Finalizer] DEBUG org.apache.http.impl.conn.DefaultClientConnection - Connection 0.0.0.0:54116<->138.201.197.100:443 closed
21:54:58.394 [Finalizer] DEBUG org.apache.http.impl.conn.DefaultClientConnection - Connection 0.0.0.0:54113<->138.201.197.100:443 closed
21:54:58.410 [main] DEBUG org.springframework.test.context.support.DependencyInjectionTestExecutionListener - Performing dependency injection for test context [[DefaultTestContext@2ab5afc7 testClass = SampleTest, testInstance = SampleTest@7d2998d8, testMethod = [null], testException = [null], mergedContextConfiguration = [MergedContextConfiguration@4dc8c0ea testClass = SampleTest, locations = '{}', classes = '{class base.ApplicationConfiguration}', contextInitializerClasses = '[]', activeProfiles = '{}', propertySourceLocations = '{classpath:config.properties}', propertySourceProperties = '{}', contextCustomizers = set[org.springframework.boot.test.context.filter.ExcludeFilterContextCustomizer@7fc229ab, org.springframework.boot.test.json.DuplicateJsonObjectContextCustomizerFactory$DuplicateJsonObjectContextCustomizer@1198b989, org.springframework.boot.test.mock.mockito.MockitoContextCustomizer@0, org.springframework.boot.test.autoconfigure.properties.PropertyMappingContextCustomizer@0, org.springframework.boot.test.autoconfigure.web.servlet.WebDriverContextCustomizerFactory$Customizer@4c1d9d4b], contextLoader = 'org.springframework.test.context.support.DelegatingSmartContextLoader', parent = [null]], attributes = map[[empty]]]].
21:54:58.410 [main] DEBUG org.springframework.test.context.support.AbstractDelegatingSmartContextLoader - Delegating to AnnotationConfigContextLoader to load context from [MergedContextConfiguration@4dc8c0ea testClass = SampleTest, locations = '{}', classes = '{class base.ApplicationConfiguration}', contextInitializerClasses = '[]', activeProfiles = '{}', propertySourceLocations = '{classpath:config.properties}', propertySourceProperties = '{}', contextCustomizers = set[org.springframework.boot.test.context.filter.ExcludeFilterContextCustomizer@7fc229ab, org.springframework.boot.test.json.DuplicateJsonObjectContextCustomizerFactory$DuplicateJsonObjectContextCustomizer@1198b989, org.springframework.boot.test.mock.mockito.MockitoContextCustomizer@0, org.springframework.boot.test.autoconfigure.properties.PropertyMappingContextCustomizer@0, org.springframework.boot.test.autoconfigure.web.servlet.WebDriverContextCustomizerFactory$Customizer@4c1d9d4b], contextLoader = 'org.springframework.test.context.support.DelegatingSmartContextLoader', parent = [null]].
21:54:58.410 [main] DEBUG org.springframework.test.context.support.AbstractGenericContextLoader - Loading ApplicationContext for merged context configuration [[MergedContextConfiguration@4dc8c0ea testClass = SampleTest, locations = '{}', classes = '{class base.ApplicationConfiguration}', contextInitializerClasses = '[]', activeProfiles = '{}', propertySourceLocations = '{classpath:config.properties}', propertySourceProperties = '{}', contextCustomizers = set[org.springframework.boot.test.context.filter.ExcludeFilterContextCustomizer@7fc229ab, org.springframework.boot.test.json.DuplicateJsonObjectContextCustomizerFactory$DuplicateJsonObjectContextCustomizer@1198b989, org.springframework.boot.test.mock.mockito.MockitoContextCustomizer@0, org.springframework.boot.test.autoconfigure.properties.PropertyMappingContextCustomizer@0, org.springframework.boot.test.autoconfigure.web.servlet.WebDriverContextCustomizerFactory$Customizer@4c1d9d4b], contextLoader = 'org.springframework.test.context.support.DelegatingSmartContextLoader', parent = [null]]].
21:54:58.410 [main] DEBUG org.springframework.core.env.StandardEnvironment - Activating profiles []
21:54:58.410 [main] DEBUG org.springframework.test.context.support.AnnotationConfigContextLoader - Registering component classes: {class base.ApplicationConfiguration}
21:54:58.410 [main] DEBUG org.springframework.context.support.GenericApplicationContext - Refreshing org.springframework.context.support.GenericApplicationContext@6a0094c9
21:54:58.410 [main] DEBUG org.springframework.beans.factory.support.DefaultListableBeanFactory - Creating shared instance of singleton bean 'org.springframework.context.annotation.internalConfigurationAnnotationProcessor'
21:54:58.427 [main] DEBUG org.springframework.beans.factory.support.DefaultListableBeanFactory - Creating shared instance of singleton bean 'org.springframework.boot.test.mock.mockito.MockitoPostProcessor'
21:54:58.428 [main] DEBUG org.springframework.beans.factory.support.DefaultListableBeanFactory - Creating shared instance of singleton bean 'org.springframework.context.event.internalEventListenerProcessor'
21:54:58.428 [main] DEBUG org.springframework.beans.factory.support.DefaultListableBeanFactory - Creating shared instance of singleton bean 'org.springframework.context.event.internalEventListenerFactory'
21:54:58.428 [main] DEBUG org.springframework.beans.factory.support.DefaultListableBeanFactory - Creating shared instance of singleton bean 'org.springframework.context.annotation.internalAutowiredAnnotationProcessor'
21:54:58.429 [main] DEBUG org.springframework.beans.factory.support.DefaultListableBeanFactory - Creating shared instance of singleton bean 'org.springframework.context.annotation.internalCommonAnnotationProcessor'
21:54:58.429 [main] DEBUG org.springframework.beans.factory.support.DefaultListableBeanFactory - Creating shared instance of singleton bean 'org.springframework.boot.test.mock.mockito.MockitoPostProcessor$SpyPostProcessor'
21:54:58.429 [main] DEBUG org.springframework.beans.factory.support.DefaultListableBeanFactory - Creating shared instance of singleton bean 'applicationConfiguration'
21:54:58.430 [main] DEBUG org.springframework.core.env.PropertySourcesPropertyResolver - Found key 'URI' in PropertySource 'class path resource [config.properties]' with value of type String
21:54:58.431 [main] DEBUG org.springframework.test.context.cache.DefaultCacheAwareContextLoaderDelegate - Storing ApplicationContext [1778422985] in cache under key [[MergedContextConfiguration@4dc8c0ea testClass = SampleTest, locations = '{}', classes = '{class base.ApplicationConfiguration}', contextInitializerClasses = '[]', activeProfiles = '{}', propertySourceLocations = '{classpath:config.properties}', propertySourceProperties = '{}', contextCustomizers = set[org.springframework.boot.test.context.filter.ExcludeFilterContextCustomizer@7fc229ab, org.springframework.boot.test.json.DuplicateJsonObjectContextCustomizerFactory$DuplicateJsonObjectContextCustomizer@1198b989, org.springframework.boot.test.mock.mockito.MockitoContextCustomizer@0, org.springframework.boot.test.autoconfigure.properties.PropertyMappingContextCustomizer@0, org.springframework.boot.test.autoconfigure.web.servlet.WebDriverContextCustomizerFactory$Customizer@4c1d9d4b], contextLoader = 'org.springframework.test.context.support.DelegatingSmartContextLoader', parent = [null]]]
21:54:58.431 [main] DEBUG org.springframework.test.context.cache - Spring test ApplicationContext cache statistics: [DefaultContextCache@7cb502c size = 2, maxSize = 32, parentContextCount = 0, hitCount = 33, missCount = 2]
21:54:58.433 [main] DEBUG org.springframework.test.context.cache.DefaultCacheAwareContextLoaderDelegate - Retrieved ApplicationContext [1778422985] from cache with key [[MergedContextConfiguration@4dc8c0ea testClass = SampleTest, locations = '{}', classes = '{class base.ApplicationConfiguration}', contextInitializerClasses = '[]', activeProfiles = '{}', propertySourceLocations = '{classpath:config.properties}', propertySourceProperties = '{}', contextCustomizers = set[org.springframework.boot.test.context.filter.ExcludeFilterContextCustomizer@7fc229ab, org.springframework.boot.test.json.DuplicateJsonObjectContextCustomizerFactory$DuplicateJsonObjectContextCustomizer@1198b989, org.springframework.boot.test.mock.mockito.MockitoContextCustomizer@0, org.springframework.boot.test.autoconfigure.properties.PropertyMappingContextCustomizer@0, org.springframework.boot.test.autoconfigure.web.servlet.WebDriverContextCustomizerFactory$Customizer@4c1d9d4b], contextLoader = 'org.springframework.test.context.support.DelegatingSmartContextLoader', parent = [null]]]
21:54:58.433 [main] DEBUG org.springframework.test.context.cache - Spring test ApplicationContext cache statistics: [DefaultContextCache@7cb502c size = 2, maxSize = 32, parentContextCount = 0, hitCount = 34, missCount = 2]
21:54:58.433 [main] DEBUG org.springframework.test.context.support.AbstractDirtiesContextTestExecutionListener - Before test method: context [DefaultTestContext@2ab5afc7 testClass = SampleTest, testInstance = SampleTest@7d2998d8, testMethod = testDeleteRequest@SampleTest, testException = [null], mergedContextConfiguration = [MergedContextConfiguration@4dc8c0ea testClass = SampleTest, locations = '{}', classes = '{class base.ApplicationConfiguration}', contextInitializerClasses = '[]', activeProfiles = '{}', propertySourceLocations = '{classpath:config.properties}', propertySourceProperties = '{}', contextCustomizers = set[org.springframework.boot.test.context.filter.ExcludeFilterContextCustomizer@7fc229ab, org.springframework.boot.test.json.DuplicateJsonObjectContextCustomizerFactory$DuplicateJsonObjectContextCustomizer@1198b989, org.springframework.boot.test.mock.mockito.MockitoContextCustomizer@0, org.springframework.boot.test.autoconfigure.properties.PropertyMappingContextCustomizer@0, org.springframework.boot.test.autoconfigure.web.servlet.WebDriverContextCustomizerFactory$Customizer@4c1d9d4b], contextLoader = 'org.springframework.test.context.support.DelegatingSmartContextLoader', parent = [null]], attributes = map[[empty]]], class annotated with @DirtiesContext [false] with mode [null], method annotated with @DirtiesContext [false] with mode [null].
21:54:58.434 [main] DEBUG org.springframework.test.context.cache.DefaultCacheAwareContextLoaderDelegate - Retrieved ApplicationContext [1778422985] from cache with key [[MergedContextConfiguration@4dc8c0ea testClass = SampleTest, locations = '{}', classes = '{class base.ApplicationConfiguration}', contextInitializerClasses = '[]', activeProfiles = '{}', propertySourceLocations = '{classpath:config.properties}', propertySourceProperties = '{}', contextCustomizers = set[org.springframework.boot.test.context.filter.ExcludeFilterContextCustomizer@7fc229ab, org.springframework.boot.test.json.DuplicateJsonObjectContextCustomizerFactory$DuplicateJsonObjectContextCustomizer@1198b989, org.springframework.boot.test.mock.mockito.MockitoContextCustomizer@0, org.springframework.boot.test.autoconfigure.properties.PropertyMappingContextCustomizer@0, org.springframework.boot.test.autoconfigure.web.servlet.WebDriverContextCustomizerFactory$Customizer@4c1d9d4b], contextLoader = 'org.springframework.test.context.support.DelegatingSmartContextLoader', parent = [null]]]
21:54:58.434 [main] DEBUG org.springframework.test.context.cache - Spring test ApplicationContext cache statistics: [DefaultContextCache@7cb502c size = 2, maxSize = 32, parentContextCount = 0, hitCount = 35, missCount = 2]
21:54:58.434 [main] DEBUG org.springframework.test.context.cache.DefaultCacheAwareContextLoaderDelegate - Retrieved ApplicationContext [1778422985] from cache with key [[MergedContextConfiguration@4dc8c0ea testClass = SampleTest, locations = '{}', classes = '{class base.ApplicationConfiguration}', contextInitializerClasses = '[]', activeProfiles = '{}', propertySourceLocations = '{classpath:config.properties}', propertySourceProperties = '{}', contextCustomizers = set[org.springframework.boot.test.context.filter.ExcludeFilterContextCustomizer@7fc229ab, org.springframework.boot.test.json.DuplicateJsonObjectContextCustomizerFactory$DuplicateJsonObjectContextCustomizer@1198b989, org.springframework.boot.test.mock.mockito.MockitoContextCustomizer@0, org.springframework.boot.test.autoconfigure.properties.PropertyMappingContextCustomizer@0, org.springframework.boot.test.autoconfigure.web.servlet.WebDriverContextCustomizerFactory$Customizer@4c1d9d4b], contextLoader = 'org.springframework.test.context.support.DelegatingSmartContextLoader', parent = [null]]]
21:54:58.434 [main] DEBUG org.springframework.test.context.cache - Spring test ApplicationContext cache statistics: [DefaultContextCache@7cb502c size = 2, maxSize = 32, parentContextCount = 0, hitCount = 36, missCount = 2]
21:54:58.434 [main] DEBUG org.springframework.test.context.cache.DefaultCacheAwareContextLoaderDelegate - Retrieved ApplicationContext [1778422985] from cache with key [[MergedContextConfiguration@4dc8c0ea testClass = SampleTest, locations = '{}', classes = '{class base.ApplicationConfiguration}', contextInitializerClasses = '[]', activeProfiles = '{}', propertySourceLocations = '{classpath:config.properties}', propertySourceProperties = '{}', contextCustomizers = set[org.springframework.boot.test.context.filter.ExcludeFilterContextCustomizer@7fc229ab, org.springframework.boot.test.json.DuplicateJsonObjectContextCustomizerFactory$DuplicateJsonObjectContextCustomizer@1198b989, org.springframework.boot.test.mock.mockito.MockitoContextCustomizer@0, org.springframework.boot.test.autoconfigure.properties.PropertyMappingContextCustomizer@0, org.springframework.boot.test.autoconfigure.web.servlet.WebDriverContextCustomizerFactory$Customizer@4c1d9d4b], contextLoader = 'org.springframework.test.context.support.DelegatingSmartContextLoader', parent = [null]]]
21:54:58.434 [main] DEBUG org.springframework.test.context.cache - Spring test ApplicationContext cache statistics: [DefaultContextCache@7cb502c size = 2, maxSize = 32, parentContextCount = 0, hitCount = 37, missCount = 2]
21:54:58.446 [main] DEBUG org.apache.http.impl.conn.BasicClientConnectionManager - Get connection for route {}->http://localhost:3000
21:54:58.446 [main] DEBUG org.apache.http.impl.conn.DefaultClientConnectionOperator - Connecting to localhost:3000
21:54:58.446 [main] DEBUG org.apache.http.client.protocol.RequestAddCookies - CookieSpec selected: ignoreCookies
21:54:58.446 [main] DEBUG org.apache.http.client.protocol.RequestAuthCache - Auth cache not set in the context
21:54:58.446 [main] DEBUG org.apache.http.client.protocol.RequestTargetAuthentication - Target auth state: UNCHALLENGED
21:54:58.446 [main] DEBUG org.apache.http.client.protocol.RequestProxyAuthentication - Proxy auth state: UNCHALLENGED
21:54:58.446 [main] DEBUG org.apache.http.impl.client.DefaultHttpClient - Attempt 1 to execute request
21:54:58.446 [main] DEBUG org.apache.http.impl.conn.DefaultClientConnection - Sending request: DELETE /posts/11 HTTP/1.1
21:54:58.446 [main] DEBUG org.apache.http.wire -  >> "DELETE /posts/11 HTTP/1.1[\r][\n]"
21:54:58.446 [main] DEBUG org.apache.http.wire -  >> "Content-Type: application/json; charset=UTF-8[\r][\n]"
21:54:58.446 [main] DEBUG org.apache.http.wire -  >> "Accept: */*[\r][\n]"
21:54:58.446 [main] DEBUG org.apache.http.wire -  >> "Host: localhost:3000[\r][\n]"
21:54:58.446 [main] DEBUG org.apache.http.wire -  >> "Connection: Keep-Alive[\r][\n]"
21:54:58.446 [main] DEBUG org.apache.http.wire -  >> "User-Agent: Apache-HttpClient/4.5.3 (Java/1.8.0_171)[\r][\n]"
21:54:58.446 [main] DEBUG org.apache.http.wire -  >> "Accept-Encoding: gzip,deflate[\r][\n]"
21:54:58.446 [main] DEBUG org.apache.http.wire -  >> "[\r][\n]"
21:54:58.446 [main] DEBUG org.apache.http.headers - >> DELETE /posts/11 HTTP/1.1
21:54:58.446 [main] DEBUG org.apache.http.headers - >> Content-Type: application/json; charset=UTF-8
21:54:58.446 [main] DEBUG org.apache.http.headers - >> Accept: */*
21:54:58.446 [main] DEBUG org.apache.http.headers - >> Host: localhost:3000
21:54:58.446 [main] DEBUG org.apache.http.headers - >> Connection: Keep-Alive
21:54:58.446 [main] DEBUG org.apache.http.headers - >> User-Agent: Apache-HttpClient/4.5.3 (Java/1.8.0_171)
21:54:58.446 [main] DEBUG org.apache.http.headers - >> Accept-Encoding: gzip,deflate
21:54:58.495 [main] DEBUG org.apache.http.wire -  << "HTTP/1.1 404 Not Found[\r][\n]"
21:54:58.495 [main] DEBUG org.apache.http.wire -  << "X-Powered-By: Express[\r][\n]"
21:54:58.495 [main] DEBUG org.apache.http.wire -  << "Vary: Origin, Accept-Encoding[\r][\n]"
21:54:58.495 [main] DEBUG org.apache.http.wire -  << "Access-Control-Allow-Credentials: true[\r][\n]"
21:54:58.495 [main] DEBUG org.apache.http.wire -  << "Cache-Control: no-cache[\r][\n]"
21:54:58.495 [main] DEBUG org.apache.http.wire -  << "Pragma: no-cache[\r][\n]"
21:54:58.495 [main] DEBUG org.apache.http.wire -  << "Expires: -1[\r][\n]"
21:54:58.495 [main] DEBUG org.apache.http.wire -  << "X-Content-Type-Options: nosniff[\r][\n]"
21:54:58.495 [main] DEBUG org.apache.http.wire -  << "Content-Type: application/json; charset=utf-8[\r][\n]"
21:54:58.495 [main] DEBUG org.apache.http.wire -  << "Content-Length: 2[\r][\n]"
21:54:58.495 [main] DEBUG org.apache.http.wire -  << "ETag: W/"2-vyGp6PvFo4RvsFtPoIWeCReyIC8"[\r][\n]"
21:54:58.495 [main] DEBUG org.apache.http.wire -  << "Date: Fri, 15 May 2020 16:24:58 GMT[\r][\n]"
21:54:58.495 [main] DEBUG org.apache.http.wire -  << "Connection: keep-alive[\r][\n]"
21:54:58.495 [main] DEBUG org.apache.http.wire -  << "[\r][\n]"
21:54:58.495 [main] DEBUG org.apache.http.impl.conn.DefaultClientConnection - Receiving response: HTTP/1.1 404 Not Found
21:54:58.495 [main] DEBUG org.apache.http.headers - << HTTP/1.1 404 Not Found
21:54:58.495 [main] DEBUG org.apache.http.headers - << X-Powered-By: Express
21:54:58.495 [main] DEBUG org.apache.http.headers - << Vary: Origin, Accept-Encoding
21:54:58.495 [main] DEBUG org.apache.http.headers - << Access-Control-Allow-Credentials: true
21:54:58.495 [main] DEBUG org.apache.http.headers - << Cache-Control: no-cache
21:54:58.495 [main] DEBUG org.apache.http.headers - << Pragma: no-cache
21:54:58.495 [main] DEBUG org.apache.http.headers - << Expires: -1
21:54:58.495 [main] DEBUG org.apache.http.headers - << X-Content-Type-Options: nosniff
21:54:58.495 [main] DEBUG org.apache.http.headers - << Content-Type: application/json; charset=utf-8
21:54:58.495 [main] DEBUG org.apache.http.headers - << Content-Length: 2
21:54:58.495 [main] DEBUG org.apache.http.headers - << ETag: W/"2-vyGp6PvFo4RvsFtPoIWeCReyIC8"
21:54:58.495 [main] DEBUG org.apache.http.headers - << Date: Fri, 15 May 2020 16:24:58 GMT
21:54:58.495 [main] DEBUG org.apache.http.headers - << Connection: keep-alive
21:54:58.495 [main] DEBUG org.apache.http.impl.client.DefaultHttpClient - Connection can be kept alive indefinitely
21:54:58.495 [main] DEBUG io.restassured.internal.RequestSpecificationImpl$RestAssuredHttpBuilder - Parsing response as: application/json; charset=utf-8
21:54:58.495 [main] DEBUG io.restassured.internal.RequestSpecificationImpl$RestAssuredHttpBuilder - Parsed data to instance of: class org.apache.http.conn.EofSensorInputStream
21:54:58.510 [main] DEBUG org.springframework.test.context.cache.DefaultCacheAwareContextLoaderDelegate - Retrieved ApplicationContext [1778422985] from cache with key [[MergedContextConfiguration@4dc8c0ea testClass = SampleTest, locations = '{}', classes = '{class base.ApplicationConfiguration}', contextInitializerClasses = '[]', activeProfiles = '{}', propertySourceLocations = '{classpath:config.properties}', propertySourceProperties = '{}', contextCustomizers = set[org.springframework.boot.test.context.filter.ExcludeFilterContextCustomizer@7fc229ab, org.springframework.boot.test.json.DuplicateJsonObjectContextCustomizerFactory$DuplicateJsonObjectContextCustomizer@1198b989, org.springframework.boot.test.mock.mockito.MockitoContextCustomizer@0, org.springframework.boot.test.autoconfigure.properties.PropertyMappingContextCustomizer@0, org.springframework.boot.test.autoconfigure.web.servlet.WebDriverContextCustomizerFactory$Customizer@4c1d9d4b], contextLoader = 'org.springframework.test.context.support.DelegatingSmartContextLoader', parent = [null]]]
21:54:58.510 [main] DEBUG org.springframework.test.context.cache - Spring test ApplicationContext cache statistics: [DefaultContextCache@7cb502c size = 2, maxSize = 32, parentContextCount = 0, hitCount = 38, missCount = 2]
21:54:58.510 [main] DEBUG org.springframework.test.context.cache.DefaultCacheAwareContextLoaderDelegate - Retrieved ApplicationContext [1778422985] from cache with key [[MergedContextConfiguration@4dc8c0ea testClass = SampleTest, locations = '{}', classes = '{class base.ApplicationConfiguration}', contextInitializerClasses = '[]', activeProfiles = '{}', propertySourceLocations = '{classpath:config.properties}', propertySourceProperties = '{}', contextCustomizers = set[org.springframework.boot.test.context.filter.ExcludeFilterContextCustomizer@7fc229ab, org.springframework.boot.test.json.DuplicateJsonObjectContextCustomizerFactory$DuplicateJsonObjectContextCustomizer@1198b989, org.springframework.boot.test.mock.mockito.MockitoContextCustomizer@0, org.springframework.boot.test.autoconfigure.properties.PropertyMappingContextCustomizer@0, org.springframework.boot.test.autoconfigure.web.servlet.WebDriverContextCustomizerFactory$Customizer@4c1d9d4b], contextLoader = 'org.springframework.test.context.support.DelegatingSmartContextLoader', parent = [null]]]
21:54:58.510 [main] DEBUG org.springframework.test.context.cache - Spring test ApplicationContext cache statistics: [DefaultContextCache@7cb502c size = 2, maxSize = 32, parentContextCount = 0, hitCount = 39, missCount = 2]
21:54:58.510 [main] DEBUG org.springframework.test.context.cache.DefaultCacheAwareContextLoaderDelegate - Retrieved ApplicationContext [1778422985] from cache with key [[MergedContextConfiguration@4dc8c0ea testClass = SampleTest, locations = '{}', classes = '{class base.ApplicationConfiguration}', contextInitializerClasses = '[]', activeProfiles = '{}', propertySourceLocations = '{classpath:config.properties}', propertySourceProperties = '{}', contextCustomizers = set[org.springframework.boot.test.context.filter.ExcludeFilterContextCustomizer@7fc229ab, org.springframework.boot.test.json.DuplicateJsonObjectContextCustomizerFactory$DuplicateJsonObjectContextCustomizer@1198b989, org.springframework.boot.test.mock.mockito.MockitoContextCustomizer@0, org.springframework.boot.test.autoconfigure.properties.PropertyMappingContextCustomizer@0, org.springframework.boot.test.autoconfigure.web.servlet.WebDriverContextCustomizerFactory$Customizer@4c1d9d4b], contextLoader = 'org.springframework.test.context.support.DelegatingSmartContextLoader', parent = [null]]]
21:54:58.510 [main] DEBUG org.springframework.test.context.cache - Spring test ApplicationContext cache statistics: [DefaultContextCache@7cb502c size = 2, maxSize = 32, parentContextCount = 0, hitCount = 40, missCount = 2]
21:54:58.510 [main] DEBUG org.springframework.test.context.cache.DefaultCacheAwareContextLoaderDelegate - Retrieved ApplicationContext [1778422985] from cache with key [[MergedContextConfiguration@4dc8c0ea testClass = SampleTest, locations = '{}', classes = '{class base.ApplicationConfiguration}', contextInitializerClasses = '[]', activeProfiles = '{}', propertySourceLocations = '{classpath:config.properties}', propertySourceProperties = '{}', contextCustomizers = set[org.springframework.boot.test.context.filter.ExcludeFilterContextCustomizer@7fc229ab, org.springframework.boot.test.json.DuplicateJsonObjectContextCustomizerFactory$DuplicateJsonObjectContextCustomizer@1198b989, org.springframework.boot.test.mock.mockito.MockitoContextCustomizer@0, org.springframework.boot.test.autoconfigure.properties.PropertyMappingContextCustomizer@0, org.springframework.boot.test.autoconfigure.web.servlet.WebDriverContextCustomizerFactory$Customizer@4c1d9d4b], contextLoader = 'org.springframework.test.context.support.DelegatingSmartContextLoader', parent = [null]]]
21:54:58.510 [main] DEBUG org.springframework.test.context.cache - Spring test ApplicationContext cache statistics: [DefaultContextCache@7cb502c size = 2, maxSize = 32, parentContextCount = 0, hitCount = 41, missCount = 2]
21:54:58.510 [main] DEBUG org.springframework.test.context.cache.DefaultCacheAwareContextLoaderDelegate - Retrieved ApplicationContext [1778422985] from cache with key [[MergedContextConfiguration@4dc8c0ea testClass = SampleTest, locations = '{}', classes = '{class base.ApplicationConfiguration}', contextInitializerClasses = '[]', activeProfiles = '{}', propertySourceLocations = '{classpath:config.properties}', propertySourceProperties = '{}', contextCustomizers = set[org.springframework.boot.test.context.filter.ExcludeFilterContextCustomizer@7fc229ab, org.springframework.boot.test.json.DuplicateJsonObjectContextCustomizerFactory$DuplicateJsonObjectContextCustomizer@1198b989, org.springframework.boot.test.mock.mockito.MockitoContextCustomizer@0, org.springframework.boot.test.autoconfigure.properties.PropertyMappingContextCustomizer@0, org.springframework.boot.test.autoconfigure.web.servlet.WebDriverContextCustomizerFactory$Customizer@4c1d9d4b], contextLoader = 'org.springframework.test.context.support.DelegatingSmartContextLoader', parent = [null]]]
21:54:58.510 [main] DEBUG org.springframework.test.context.cache - Spring test ApplicationContext cache statistics: [DefaultContextCache@7cb502c size = 2, maxSize = 32, parentContextCount = 0, hitCount = 42, missCount = 2]
21:54:58.510 [main] DEBUG org.springframework.test.context.cache.DefaultCacheAwareContextLoaderDelegate - Retrieved ApplicationContext [1778422985] from cache with key [[MergedContextConfiguration@4dc8c0ea testClass = SampleTest, locations = '{}', classes = '{class base.ApplicationConfiguration}', contextInitializerClasses = '[]', activeProfiles = '{}', propertySourceLocations = '{classpath:config.properties}', propertySourceProperties = '{}', contextCustomizers = set[org.springframework.boot.test.context.filter.ExcludeFilterContextCustomizer@7fc229ab, org.springframework.boot.test.json.DuplicateJsonObjectContextCustomizerFactory$DuplicateJsonObjectContextCustomizer@1198b989, org.springframework.boot.test.mock.mockito.MockitoContextCustomizer@0, org.springframework.boot.test.autoconfigure.properties.PropertyMappingContextCustomizer@0, org.springframework.boot.test.autoconfigure.web.servlet.WebDriverContextCustomizerFactory$Customizer@4c1d9d4b], contextLoader = 'org.springframework.test.context.support.DelegatingSmartContextLoader', parent = [null]]]
21:54:58.510 [main] DEBUG org.springframework.test.context.cache - Spring test ApplicationContext cache statistics: [DefaultContextCache@7cb502c size = 2, maxSize = 32, parentContextCount = 0, hitCount = 43, missCount = 2]
21:54:58.510 [main] DEBUG org.springframework.test.context.support.AbstractDirtiesContextTestExecutionListener - After test method: context [DefaultTestContext@2ab5afc7 testClass = SampleTest, testInstance = SampleTest@7d2998d8, testMethod = testDeleteRequest@SampleTest, testException = java.lang.AssertionError: 1 expectation failed.
Expected status code <200> but was <404>.
, mergedContextConfiguration = [MergedContextConfiguration@4dc8c0ea testClass = SampleTest, locations = '{}', classes = '{class base.ApplicationConfiguration}', contextInitializerClasses = '[]', activeProfiles = '{}', propertySourceLocations = '{classpath:config.properties}', propertySourceProperties = '{}', contextCustomizers = set[org.springframework.boot.test.context.filter.ExcludeFilterContextCustomizer@7fc229ab, org.springframework.boot.test.json.DuplicateJsonObjectContextCustomizerFactory$DuplicateJsonObjectContextCustomizer@1198b989, org.springframework.boot.test.mock.mockito.MockitoContextCustomizer@0, org.springframework.boot.test.autoconfigure.properties.PropertyMappingContextCustomizer@0, org.springframework.boot.test.autoconfigure.web.servlet.WebDriverContextCustomizerFactory$Customizer@4c1d9d4b], contextLoader = 'org.springframework.test.context.support.DelegatingSmartContextLoader', parent = [null]], attributes = map[[empty]]], class annotated with @DirtiesContext [false] with mode [null], method annotated with @DirtiesContext [false] with mode [null].
]]></system-out>
  </testcase>
  <testcase name="testPutRequest" classname="SampleTest" time="0.362"/>
  <testcase name="testPostRequest" classname="SampleTest" time="0.115"/>
  <testcase name="testGetRequest" classname="SampleTest" time="0.063"/>
</testsuite>